<?xml version="1.0" encoding="UTF-8"?>
<!-- Generated by org.testng.reporters.JUnitReportReporter -->
<testsuite hostname="Hestabits-MacBook-Pro.local" failures="0" tests="2" name="TestCases.TC_001_Login" time="25.212" errors="0" timestamp="2024-06-08T23:39:58 IST" skipped="0">
  <testcase classname="TestCases.TC_001_Login" name="verify_loginddt" time="3.454"/>
  <testcase classname="TestCases.TC_001_Login" name="verify_loginddt" time="21.758"/>
</testsuite> <!-- TestCases.TC_001_Login -->
